[2023-09-09 00:23:12] [INFO] [entry]: GET [/api] - 1ms
[2023-09-09 00:23:12] [INFO] [entry]: GET [/api] - 0ms
[2023-09-09 00:23:28] [INFO] [entry]: GET [/api] - 0ms
[2023-09-09 00:23:28] [INFO] [entry]: GET [/api] - 0ms
[2023-09-09 00:24:07] [INFO] [entry]: GET [/api] - 1ms
[2023-09-09 00:24:07] [INFO] [entry]: GET [/api] - 1ms
[2023-09-09 00:24:18] [INFO] [entry]: GET [/] - 0ms
[2023-09-09 00:24:18] [INFO] [entry]: GET [/] - 0ms
[2023-09-09 16:15:32] [INFO] [entry]: GET [/] - 2ms
[2023-09-09 16:15:32] [INFO] [entry]: GET [/] - 0ms
[2023-09-09 16:15:33] [INFO] [entry]: GET [/favicon.ico] - 0ms
[2023-09-13 21:43:32] [INFO] [entry]: POST [/api] - 6ms
[2023-09-13 21:44:08] [INFO] [entry]: POST [/api] - 4ms
[2023-09-13 21:45:34] [INFO] [entry]: POST [/api] - 2ms
[2023-09-13 22:13:34] [INFO] [entry]: POST [/api] - 7ms
[2023-09-13 22:14:48] [INFO] [entry]: POST [/api] - 3ms
[2023-09-13 22:15:34] [INFO] [entry]: POST [/api] - 3ms
[2023-09-13 22:15:41] [INFO] [entry]: POST [/api] - 2ms
[2023-09-13 22:15:43] [INFO] [entry]: POST [/api] - 3ms
[2023-09-13 22:15:47] [INFO] [entry]: POST [/api] - 3ms
[2023-09-13 22:21:58] [INFO] [entry]: POST [/api] - 3ms
[2023-09-13 22:22:17] [INFO] [entry]: POST [/api] - 2ms
[2023-09-13 22:22:33] [INFO] [entry]: POST [/api] - 0ms
[2023-09-13 22:24:43] [INFO] [entry]: POST [/api] - 4ms
[2023-09-13 22:24:57] [INFO] [entry]: POST [/api] - 2ms
[2023-09-13 22:25:22] [INFO] [entry]: POST [/api] - 0ms
[2023-09-13 22:26:05] [INFO] [entry]: POST [/api] - 0ms
[2023-09-13 22:26:20] [INFO] [entry]: POST [/api] - 0ms
[2023-09-13 22:27:49] [INFO] [entry]: POST [/api] - 1ms
[2023-09-13 22:29:44] [INFO] [entry]: POST [/api] - 2ms
[2023-09-13 22:30:39] [INFO] [entry]: POST [/api1] - 0ms
[2023-09-13 22:30:57] [INFO] [entry]: POST [/api] - 0ms
[2023-09-13 22:31:20] [INFO] [entry]: POST [/api] - 0ms
[2023-09-13 22:31:55] [INFO] [entry]: GET [/api] - 0ms
[2023-09-13 22:31:55] [INFO] [entry]: GET [/api] - 0ms
[2023-09-13 22:31:56] [INFO] [entry]: GET [/favicon.ico] - 0ms
[2023-09-13 22:32:48] [INFO] [entry]: GET [/api] - 1ms
[2023-09-13 22:32:48] [INFO] [entry]: GET [/api] - 0ms
[2023-09-13 22:32:53] [INFO] [entry]: POST [/api] - 1ms
[2023-09-13 22:33:06] [INFO] [entry]: GET [/api] - 0ms
[2023-09-13 22:33:06] [INFO] [entry]: GET [/api] - 0ms
[2023-09-13 22:34:37] [INFO] [entry]: POST [/api] - 3ms
[2023-09-13 22:34:43] [INFO] [entry]: POST [/api] - 11ms
[2023-09-13 22:35:42] [INFO] [entry]: POST [/api] - 2004ms
[2023-09-13 22:35:49] [INFO] [entry]: POST [/api] - 2000ms
[2023-09-13 22:40:05] [INFO] [entry]: POST [/api] - 2001ms
[2023-09-13 22:50:29] [INFO] [entry]: GET [/api] - 0ms
[2023-09-13 22:50:43] [INFO] [entry]: GET [/api] - 0ms
[2023-09-13 22:51:03] [INFO] [entry]: POST [/api] - 2000ms
[2023-09-13 22:51:14] [INFO] [entry]: POST [/api] - 2000ms
[2023-09-13 22:51:56] [INFO] [entry]: POST [/api] - 2000ms
[2023-09-13 22:52:15] [INFO] [entry]: POST [/api] - 2002ms
[2023-09-13 22:52:21] [INFO] [entry]: POST [/api] - 2002ms
